2025-12-11 17:23:22,925 - INFO - Starting process: process_advances
2025-12-11 17:23:22,926 - INFO - Received advances process request
2025-12-11 17:26:12,907 - INFO - Saved combined Sales+Advances workbook to temp_uploads\d8930657-5ad4-472f-ae88-87f18921ffa2_advances_sales_combined.xlsx
2025-12-11 17:27:25,849 - INFO - Post-processing 'Sales': rows 2-70206, cols 1-53
2025-12-11 17:27:25,907 - DEBUG - Column 1 ('AlternateStoreCode'): date (date_frac=1.00, num_frac=1.00)
2025-12-11 17:27:36,009 - DEBUG - Column 2 ('RegionName'): text (date_frac=0.00, num_frac=0.00)
2025-12-11 17:27:36,412 - DEBUG - Column 3 ('StoreName'): text (date_frac=0.00, num_frac=0.00)
2025-12-11 17:27:36,827 - DEBUG - Column 4 ('StoreCode'): date (date_frac=1.00, num_frac=1.00)
2025-12-11 17:27:46,848 - DEBUG - Column 5 ('BillDate'): date (date_frac=1.00, num_frac=0.00)
2025-12-11 17:27:54,745 - DEBUG - Column 6 ('Quantity'): date (date_frac=1.00, num_frac=1.00)
2025-12-11 17:28:04,699 - DEBUG - Column 7 ('Discount'): date (date_frac=1.00, num_frac=1.00)
2025-12-11 17:28:14,802 - DEBUG - Column 8 ('DiscountPercentage'): date (date_frac=1.00, num_frac=1.00)
2025-12-11 17:28:22,585 - DEBUG - Column 9 ('BaseValue'): date (date_frac=1.00, num_frac=1.00)
2025-12-11 17:28:33,080 - DEBUG - Column 10 ('SGST'): date (date_frac=1.00, num_frac=1.00)
2025-12-11 17:28:43,213 - DEBUG - Column 11 ('CGST'): date (date_frac=1.00, num_frac=1.00)
2025-12-11 17:28:53,437 - DEBUG - Column 12 ('IGST'): date (date_frac=1.00, num_frac=1.00)
2025-12-11 17:29:01,412 - DEBUG - Column 13 ('UTGST'): date (date_frac=1.00, num_frac=1.00)
2025-12-11 17:29:09,474 - DEBUG - Column 14 ('Tax'): date (date_frac=1.00, num_frac=1.00)
2025-12-11 17:29:19,795 - DEBUG - Column 15 ('Cash'): date (date_frac=1.00, num_frac=1.00)
2025-12-11 17:29:28,819 - DEBUG - Column 16 ('Card'): date (date_frac=1.00, num_frac=1.00)
2025-12-11 17:29:37,803 - DEBUG - Column 17 ('CreditCardType'): text (date_frac=0.00, num_frac=0.00)
2025-12-11 17:29:38,031 - DEBUG - Column 18 ('Coupon'): date (date_frac=1.00, num_frac=1.00)
2025-12-11 17:29:45,949 - DEBUG - Column 19 ('Credit'): date (date_frac=1.00, num_frac=1.00)
2025-12-11 17:29:53,835 - DEBUG - Column 20 ('InsuranceCredit'): date (date_frac=1.00, num_frac=1.00)
2025-12-11 17:30:01,732 - DEBUG - Column 21 ('CashAdvance'): date (date_frac=1.00, num_frac=1.00)
2025-12-11 17:30:11,069 - DEBUG - Column 22 ('CreditCardAdvance'): date (date_frac=1.00, num_frac=1.00)
2025-12-11 17:30:19,108 - DEBUG - Column 23 ('AdvancedAmount'): date (date_frac=1.00, num_frac=1.00)
2025-12-11 17:30:27,473 - DEBUG - Column 24 ('GiftVoucher'): date (date_frac=1.00, num_frac=1.00)
2025-12-11 17:30:36,212 - DEBUG - Column 25 ('CCNUsed'): date (date_frac=1.00, num_frac=1.00)
2025-12-11 17:30:44,655 - DEBUG - Column 26 ('CCNIssued'): date (date_frac=1.00, num_frac=1.00)
2025-12-11 17:30:52,923 - DEBUG - Column 27 ('PointsAllocated'): date (date_frac=1.00, num_frac=1.00)
2025-12-11 17:31:00,942 - DEBUG - Column 28 ('PointsRedeemed'): date (date_frac=1.00, num_frac=1.00)
2025-12-11 17:31:09,298 - DEBUG - Column 29 ('Cheque'): date (date_frac=1.00, num_frac=1.00)
2025-12-11 17:31:17,683 - DEBUG - Column 30 ('PrepaidCard'): date (date_frac=1.00, num_frac=1.00)
2025-12-11 17:31:25,817 - DEBUG - Column 31 ('OtherPayments'): date (date_frac=1.00, num_frac=1.00)
2025-12-11 17:31:34,881 - DEBUG - Column 32 ('Amount'): date (date_frac=1.00, num_frac=1.00)
2025-12-11 17:31:45,122 - DEBUG - Column 33 ('MRPTOTAL'): date (date_frac=1.00, num_frac=1.00)
2025-12-11 17:31:55,400 - DEBUG - Column 34 ('PinCode'): date (date_frac=1.00, num_frac=1.00)
2025-12-11 17:32:05,730 - DEBUG - Column 35 ('WSDN'): text (date_frac=0.00, num_frac=0.00)
2025-12-11 17:32:06,178 - DEBUG - Column 42 ('Online Payment'): date (date_frac=1.00, num_frac=1.00)
2025-12-11 17:32:14,630 - DEBUG - Column 43 ('Paytm'): date (date_frac=1.00, num_frac=1.00)
2025-12-11 17:32:23,588 - DEBUG - Column 44 ('PayTM DQR'): date (date_frac=1.00, num_frac=1.00)
2025-12-11 17:32:31,874 - DEBUG - Column 45 ('PayU Payment'): date (date_frac=1.00, num_frac=1.00)
2025-12-11 17:32:40,456 - DEBUG - Column 47 ('QC Wallet'): date (date_frac=1.00, num_frac=1.00)
2025-12-11 17:32:48,555 - DEBUG - Column 49 ('Vouchagram'): date (date_frac=1.00, num_frac=1.00)
2025-12-11 17:32:56,740 - INFO - Post-processing 'Advances': rows 2-386, cols 1-29
2025-12-11 17:32:56,766 - DEBUG - Column 1 ('Region'): text (date_frac=0.00, num_frac=0.00)
2025-12-11 17:32:56,797 - DEBUG - Column 2 ('Store'): text (date_frac=0.00, num_frac=0.00)
2025-12-11 17:32:56,829 - DEBUG - Column 3 ('Store Code'): numeric (date_frac=0.00, num_frac=1.00)
2025-12-11 17:32:56,851 - DEBUG - Column 4 ('Order Date'): date (date_frac=1.00, num_frac=0.00)
2025-12-11 17:32:56,919 - DEBUG - Column 5 ('Order Number'): text (date_frac=0.00, num_frac=0.00)
2025-12-11 17:32:56,924 - DEBUG - Column 6 ('Last Bill Date'): date (date_frac=1.00, num_frac=0.00)
2025-12-11 17:32:56,956 - DEBUG - Column 7 ('Bill Number'): text (date_frac=0.00, num_frac=0.00)
2025-12-11 17:32:56,998 - DEBUG - Column 8 ('Customer Code'): numeric (date_frac=0.04, num_frac=1.00)
2025-12-11 17:32:57,035 - DEBUG - Column 9 ('Customer Name'): text (date_frac=0.00, num_frac=0.00)
2025-12-11 17:32:57,070 - DEBUG - Column 10 ('No Of Items'): numeric (date_frac=0.00, num_frac=1.00)
2025-12-11 17:32:57,091 - DEBUG - Column 11 ('Total Quantity'): date (date_frac=1.00, num_frac=1.00)
2025-12-11 17:32:57,157 - DEBUG - Column 12 ('Approximate Value'): date (date_frac=1.00, num_frac=1.00)
2025-12-11 17:32:57,227 - DEBUG - Column 13 ('Advance Amount'): date (date_frac=1.00, num_frac=1.00)
2025-12-11 17:32:57,293 - DEBUG - Column 14 ('Cash'): date (date_frac=1.00, num_frac=1.00)
2025-12-11 17:32:57,349 - DEBUG - Column 15 ('Credit Card'): date (date_frac=1.00, num_frac=1.00)
2025-12-11 17:32:57,421 - DEBUG - Column 16 ('Coupon'): numeric (date_frac=0.00, num_frac=1.00)
2025-12-11 17:32:57,460 - DEBUG - Column 17 ('Credit'): numeric (date_frac=0.00, num_frac=1.00)
2025-12-11 17:32:57,496 - DEBUG - Column 18 ('GV'): numeric (date_frac=0.00, num_frac=1.00)
2025-12-11 17:32:57,530 - DEBUG - Column 19 ('CCN'): numeric (date_frac=0.00, num_frac=1.00)
2025-12-11 17:32:57,566 - DEBUG - Column 20 ('Points'): numeric (date_frac=0.00, num_frac=1.00)
2025-12-11 17:32:57,604 - DEBUG - Column 21 ('Cheque'): numeric (date_frac=0.00, num_frac=1.00)
2025-12-11 17:32:57,644 - DEBUG - Column 22 ('Prepaid Card'): numeric (date_frac=0.00, num_frac=1.00)
2025-12-11 17:32:57,681 - DEBUG - Column 23 ('Temp Credit'): numeric (date_frac=0.00, num_frac=1.00)
2025-12-11 17:32:57,727 - DEBUG - Column 28 ('Balance Amount'): numeric (date_frac=0.02, num_frac=1.00)
2025-12-11 17:32:57,762 - DEBUG - Column 29 ('Status'): text (date_frac=0.00, num_frac=0.00)
2025-12-11 17:34:10,230 - INFO - ✓ Post-processing complete: temp_uploads\d8930657-5ad4-472f-ae88-87f18921ffa2_advances_sales_combined.xlsx
