2025-12-11 19:19:53,154 - INFO - Starting process: process_advances
2025-12-11 19:19:53,154 - INFO - Received advances process request
2025-12-11 19:30:38,742 - INFO - Saved combined Sales+Advances workbook to temp_uploads\791f93fc-88bc-41b1-8611-e50410f4e7ee_advances_sales_combined.xlsx
2025-12-11 19:31:53,560 - INFO - Post-processing 'Sales': rows 2-70206, cols 1-53
2025-12-11 19:31:53,590 - DEBUG - Column 1 ('AlternateStoreCode'): date (date_frac=1.00, num_frac=1.00)
2025-12-11 19:32:03,170 - DEBUG - Column 2 ('RegionName'): text (date_frac=0.00, num_frac=0.00)
2025-12-11 19:32:03,596 - DEBUG - Column 3 ('StoreName'): text (date_frac=0.00, num_frac=0.00)
2025-12-11 19:32:04,016 - DEBUG - Column 4 ('StoreCode'): date (date_frac=1.00, num_frac=1.00)
2025-12-11 19:32:13,723 - DEBUG - Column 5 ('BillDate'): date (date_frac=1.00, num_frac=0.00)
2025-12-11 19:32:21,241 - DEBUG - Column 6 ('Quantity'): date (date_frac=1.00, num_frac=1.00)
2025-12-11 19:32:30,593 - DEBUG - Column 7 ('Discount'): date (date_frac=1.00, num_frac=1.00)
2025-12-11 19:32:39,558 - DEBUG - Column 8 ('DiscountPercentage'): date (date_frac=1.00, num_frac=1.00)
2025-12-11 19:32:47,199 - DEBUG - Column 9 ('BaseValue'): date (date_frac=1.00, num_frac=1.00)
2025-12-11 19:32:56,943 - DEBUG - Column 10 ('SGST'): date (date_frac=1.00, num_frac=1.00)
2025-12-11 19:33:06,404 - DEBUG - Column 11 ('CGST'): date (date_frac=1.00, num_frac=1.00)
2025-12-11 19:33:15,947 - DEBUG - Column 12 ('IGST'): date (date_frac=1.00, num_frac=1.00)
2025-12-11 19:33:23,333 - DEBUG - Column 13 ('UTGST'): date (date_frac=1.00, num_frac=1.00)
2025-12-11 19:33:30,887 - DEBUG - Column 14 ('Tax'): date (date_frac=1.00, num_frac=1.00)
2025-12-11 19:33:40,475 - DEBUG - Column 15 ('Cash'): date (date_frac=1.00, num_frac=1.00)
2025-12-11 19:33:48,590 - DEBUG - Column 16 ('Card'): date (date_frac=1.00, num_frac=1.00)
2025-12-11 19:33:56,826 - DEBUG - Column 17 ('CreditCardType'): text (date_frac=0.00, num_frac=0.00)
2025-12-11 19:33:57,074 - DEBUG - Column 18 ('Coupon'): date (date_frac=1.00, num_frac=1.00)
2025-12-11 19:34:04,440 - DEBUG - Column 19 ('Credit'): date (date_frac=1.00, num_frac=1.00)
2025-12-11 19:34:11,969 - DEBUG - Column 20 ('InsuranceCredit'): date (date_frac=1.00, num_frac=1.00)
2025-12-11 19:34:19,451 - DEBUG - Column 21 ('CashAdvance'): date (date_frac=1.00, num_frac=1.00)
2025-12-11 19:34:27,000 - DEBUG - Column 22 ('CreditCardAdvance'): date (date_frac=1.00, num_frac=1.00)
2025-12-11 19:34:34,866 - DEBUG - Column 23 ('AdvancedAmount'): date (date_frac=1.00, num_frac=1.00)
2025-12-11 19:34:42,302 - DEBUG - Column 24 ('GiftVoucher'): date (date_frac=1.00, num_frac=1.00)
2025-12-11 19:34:49,693 - DEBUG - Column 25 ('CCNUsed'): date (date_frac=1.00, num_frac=1.00)
2025-12-11 19:34:57,189 - DEBUG - Column 26 ('CCNIssued'): date (date_frac=1.00, num_frac=1.00)
2025-12-11 19:35:04,214 - DEBUG - Column 27 ('PointsAllocated'): date (date_frac=1.00, num_frac=1.00)
2025-12-11 19:35:10,492 - DEBUG - Column 28 ('PointsRedeemed'): date (date_frac=1.00, num_frac=1.00)
2025-12-11 19:35:16,970 - DEBUG - Column 29 ('Cheque'): date (date_frac=1.00, num_frac=1.00)
2025-12-11 19:35:23,198 - DEBUG - Column 30 ('PrepaidCard'): date (date_frac=1.00, num_frac=1.00)
2025-12-11 19:35:29,494 - DEBUG - Column 31 ('OtherPayments'): date (date_frac=1.00, num_frac=1.00)
2025-12-11 19:35:36,408 - DEBUG - Column 32 ('Amount'): date (date_frac=1.00, num_frac=1.00)
2025-12-11 19:35:44,326 - DEBUG - Column 33 ('MRPTOTAL'): date (date_frac=1.00, num_frac=1.00)
2025-12-11 19:35:52,366 - DEBUG - Column 34 ('PinCode'): date (date_frac=1.00, num_frac=1.00)
2025-12-11 19:36:00,219 - DEBUG - Column 35 ('WSDN'): text (date_frac=0.00, num_frac=0.00)
2025-12-11 19:36:00,520 - DEBUG - Column 42 ('Online Payment'): date (date_frac=1.00, num_frac=1.00)
2025-12-11 19:36:06,818 - DEBUG - Column 43 ('Paytm'): date (date_frac=1.00, num_frac=1.00)
2025-12-11 19:36:13,852 - DEBUG - Column 44 ('PayTM DQR'): date (date_frac=1.00, num_frac=1.00)
2025-12-11 19:36:20,079 - DEBUG - Column 45 ('PayU Payment'): date (date_frac=1.00, num_frac=1.00)
2025-12-11 19:36:26,304 - DEBUG - Column 47 ('QC Wallet'): date (date_frac=1.00, num_frac=1.00)
2025-12-11 19:36:33,037 - DEBUG - Column 49 ('Vouchagram'): date (date_frac=1.00, num_frac=1.00)
2025-12-11 19:36:39,483 - INFO - Post-processing 'Advances': rows 2-386, cols 1-29
2025-12-11 19:36:39,504 - DEBUG - Column 1 ('Region'): text (date_frac=0.00, num_frac=0.00)
2025-12-11 19:36:39,528 - DEBUG - Column 2 ('Store'): text (date_frac=0.00, num_frac=0.00)
2025-12-11 19:36:39,554 - DEBUG - Column 3 ('Store Code'): numeric (date_frac=0.00, num_frac=1.00)
2025-12-11 19:36:39,571 - DEBUG - Column 4 ('Order Date'): date (date_frac=1.00, num_frac=0.00)
2025-12-11 19:36:39,623 - DEBUG - Column 5 ('Order Number'): text (date_frac=0.00, num_frac=0.00)
2025-12-11 19:36:39,628 - DEBUG - Column 6 ('Last Bill Date'): date (date_frac=1.00, num_frac=0.00)
2025-12-11 19:36:39,650 - DEBUG - Column 7 ('Bill Number'): text (date_frac=0.00, num_frac=0.00)
2025-12-11 19:36:39,684 - DEBUG - Column 8 ('Customer Code'): numeric (date_frac=0.04, num_frac=1.00)
2025-12-11 19:36:39,713 - DEBUG - Column 9 ('Customer Name'): text (date_frac=0.00, num_frac=0.00)
2025-12-11 19:36:39,739 - DEBUG - Column 10 ('No Of Items'): numeric (date_frac=0.00, num_frac=1.00)
2025-12-11 19:36:39,755 - DEBUG - Column 11 ('Total Quantity'): date (date_frac=1.00, num_frac=1.00)
2025-12-11 19:36:39,807 - DEBUG - Column 12 ('Approximate Value'): date (date_frac=1.00, num_frac=1.00)
2025-12-11 19:36:39,860 - DEBUG - Column 13 ('Advance Amount'): date (date_frac=1.00, num_frac=1.00)
2025-12-11 19:36:39,913 - DEBUG - Column 14 ('Cash'): date (date_frac=1.00, num_frac=1.00)
2025-12-11 19:36:39,960 - DEBUG - Column 15 ('Credit Card'): date (date_frac=1.00, num_frac=1.00)
2025-12-11 19:36:40,018 - DEBUG - Column 16 ('Coupon'): numeric (date_frac=0.00, num_frac=1.00)
2025-12-11 19:36:40,047 - DEBUG - Column 17 ('Credit'): numeric (date_frac=0.00, num_frac=1.00)
2025-12-11 19:36:40,077 - DEBUG - Column 18 ('GV'): numeric (date_frac=0.00, num_frac=1.00)
2025-12-11 19:36:40,107 - DEBUG - Column 19 ('CCN'): numeric (date_frac=0.00, num_frac=1.00)
2025-12-11 19:36:40,134 - DEBUG - Column 20 ('Points'): numeric (date_frac=0.00, num_frac=1.00)
2025-12-11 19:36:40,162 - DEBUG - Column 21 ('Cheque'): numeric (date_frac=0.00, num_frac=1.00)
2025-12-11 19:36:40,191 - DEBUG - Column 22 ('Prepaid Card'): numeric (date_frac=0.00, num_frac=1.00)
2025-12-11 19:36:40,218 - DEBUG - Column 23 ('Temp Credit'): numeric (date_frac=0.00, num_frac=1.00)
2025-12-11 19:36:40,257 - DEBUG - Column 26 ('OtherPayments'): numeric (date_frac=0.03, num_frac=1.00)
2025-12-11 19:36:40,289 - DEBUG - Column 28 ('Balance Amount'): numeric (date_frac=0.02, num_frac=1.00)
2025-12-11 19:36:40,319 - DEBUG - Column 29 ('Status'): text (date_frac=0.00, num_frac=0.00)
2025-12-11 19:37:35,729 - INFO - ✓ Post-processing complete: temp_uploads\791f93fc-88bc-41b1-8611-e50410f4e7ee_advances_sales_combined.xlsx
