2025-12-20 12:16:49,090 - INFO - Starting process: process_sales
2025-12-20 12:16:49,090 - INFO - Received sales process request
2025-12-20 12:16:55,114 - INFO - Loading file: SalesReportAbstract.csv from sheet 'SalesReportAbstract' starting at row 6
2025-12-20 12:17:01,090 - INFO - ✓ File loaded successfully - shape: (120962, 230)
2025-12-20 12:17:01,090 - INFO - Loaded data - shape: (120962, 230), columns: ['RegionName', 'StoreName', 'StoreCode', 'AlternateStoreCode', 'StoreGSTNumber', 'BillDate', 'BillTime', 'BillNumber', 'CustomerCode', 'CustomerName', 'AlternateCustomerCode', 'CustomerGSTNumber', 'MobileNumber', 'Email', 'DOB', 'DOA', 'DoctorName', 'PatientName', 'Quantity', 'Discount', 'DiscountPercentage', 'BaseValue', 'TNGSTAmount', 'CST', 'OtherTax', 'SGST', 'CGST', 'IGST', 'UTGST', 'Tax', 'Cash', 'Card', 'CreditCardType', 'Coupon', 'Credit', 'InsuranceCredit', 'CashAdvance', 'CreditCardAdvance', 'AdvancedAmount', 'GiftVoucher', 'CCNUsed', 'CCNIssued', 'PointsAllocated', 'PointsRedeemed', 'Cheque', 'PrepaidCard', 'OtherPayments', 'Amount', 'RefDate', 'RefTime', 'SyncTime', 'RefSeries', 'RefNo', 'Cenvat', 'Educess', 'Sheducess', 'Rod', 'CessAmt', 'OtherDebit', 'OtherCredit', 'DeliveryType', 'UserName', 'RemarksQuantity', 'RemarksWeight', 'Email ID', 'IsJobCardBill', 'TempCredit', 'AdditionalInformation', 'OtherDiscountAmount', 'OtherDiscountPercentage', 'OutletOwnership', 'ServiceTaxAmt', 'STCessAmount', 'STEduCessAmount', 'SalesmanName', 'SalesmanCode', 'ManualBillDate', 'ManualBillNo', 'MRPTotal', 'PolicyNumber', 'Remarks', 'Nationality', 'New customer Type', 'CustomerCreatedOn', 'PrintCount', 'BillSeries', 'OrderDate', 'OrderNumber', 'DiscountName', 'IntegrationId', 'CAAddress1', 'CAAddress2', 'CAAddress3', 'CACityName', 'CAStateName', 'TerminalNumber', 'PosType', 'DiscountApprovedBy', 'TransactionAttributes', 'AdditionalCESS', 'ZoneCode', 'ZoneName', 'BNumber', 'BillStartTime', 'StateName', 'TransactionValidity', 'TransID', 'DeviceType', 'CashRefund', 'SalesType', 'RefReturnDate', 'RefReturnNumber', 'RefReturnStore', 'CESS', 'StoreClusterName', 'CityName', 'Address1', 'Address2', 'Address3', 'PinCode', 'ShipmentDate', 'TransportName', 'ShipmentMethod', 'ShipmentTrackingNumber', 'ShipmentEnteredBy', 'ShipmentEnteredOn', 'ManualBillReferenceNo', 'WSDN', 'IRN', 'FreeValue', 'InsuranceCompanyCode', 'InsuranceCompanyName', 'OrderReferenceDate', 'OrderReferenceNo', 'AcknowledgeDate', 'AcknowledgeNumber', 'CustomerGroupName', 'ChannelName', 'TCS', 'Referral', 'BillDate1', 'BillSeries1', 'StoreCode1', 'TerminalNumber1', 'BillNumber1', 'Online Payment', 'PAYTM', 'PayTM DQR', 'PayU Payment', 'Promo', 'QC Wallet', 'Vouchagram', 'DeliveryAddress1', 'DeliveryAddress2', 'DeliveryAddress3', 'DeliveryState', 'DeliveryPinCode', 'Shipping Address 1', 'Shipping Address 2', 'Shipping Address 3', 'Shipping State', 'Shipping Pincode', 'Shipping StateName', 'ReferenceDocument', 'PivotStoreCode', 'OrderDeliveryAddress1', 'OrderDeliveryAddress2', 'OrderDeliveryAddress3', 'OrderDeliveryState', 'CustomerTierName', 'CustomerTypeName', 'FamilyMemberName', 'Relation4Customer', 'FamilyMemberDOB', 'JobCardDate', 'JobCardNumber', 'JobCardStore', 'EwayBillDate', 'EwayBillNumber', 'EwayTransportDocNo', 'EwayTransportDocDate', 'EwayValidFrom', 'EwayValidTo', 'RefChannelName', 'RefChannelOrderNo', 'InvoiceNumber', 'ShipmentNumber', 'ExternalID', 'OrderProcessMethod', 'InvoiceDate', 'BudgetDiscountValue', 'StoreAbbrevation', 'OrderReference', 'AlternateCode2', 'CompanyEmployeeID', 'ROD2', 'TINNumber', 'PODCityName', 'ShipToCityName', 'GrossWithDiscount', 'AverageSellingPrice', 'TransactionDate', 'BillType', 'TaxRefundStatus', 'StoreBrand', 'StoreType', 'ReferenceDocNo', 'Country', 'IsInsuranceBill', 'TotalCoPayerAmount', 'PrescriptionNo', 'BA Address1', 'BA Address2', 'BA Address3', 'BA Pincode', 'BA City', 'BA State', 'CPincode', 'CArea', 'PODArea', 'ShipToArea', 'TaxRefundAmount', 'TaxRefundReferenceNumber', 'GSTTaxType', 'ChargeBillDate', 'ChargeBillSeries', 'ChargeStoreCode', 'ChargeTerminalNumber', 'ChargeBillNumber', 'No.of Boxes']
2025-12-20 12:17:01,090 - INFO - ✓ Columns converted to uppercase: ['REGIONNAME', 'STORENAME', 'STORECODE', 'ALTERNATESTORECODE', 'STOREGSTNUMBER', 'BILLDATE', 'BILLTIME', 'BILLNUMBER', 'CUSTOMERCODE', 'CUSTOMERNAME']...
2025-12-20 12:17:01,090 - INFO - ✓ Mappings loaded successfully
2025-12-20 12:17:01,090 - INFO - ✓ Rename map created with 40 mappings
2025-12-20 12:17:01,289 - INFO - ✓ After rename: shape=(120962, 230)
2025-12-20 12:17:01,349 - INFO - ✓ After reindex: shape=(120962, 53), has 53 columns
2025-12-20 12:17:01,473 - INFO - ✓ Force-copied source 'ALTERNATESTORECODE' from input file to 'AlternateStoreCode' and 'StoreCode'
2025-12-20 12:17:01,579 - DEBUG - Removed 'BP' prefix from StoreCode
2025-12-20 12:17:01,689 - DEBUG - Removed 'BP' prefix from AlternateStoreCode
2025-12-20 12:17:01,929 - INFO - Removed 0 rows with prefixes ('97', '98')
2025-12-20 12:17:01,952 - INFO - ✓ BillDate parsed with DD-MM-YYYY format
2025-12-20 12:17:02,153 - INFO - Saving sales dataframe to Excel with fast formatting: shape=(120962, 53)
2025-12-20 12:18:38,189 - INFO - Saved processed sales to temp_uploads\8bf521a0-d21a-4978-8e63-1076918a629a_sales.xlsx
2025-12-20 12:18:38,189 - INFO - Output dataframe shape: (120962, 53), rows: 120962
2025-12-20 12:18:38,189 - INFO - File size after save: 18614997 bytes
2025-12-20 12:18:38,189 - INFO - Reading file from disk to send to client: temp_uploads\8bf521a0-d21a-4978-8e63-1076918a629a_sales.xlsx
2025-12-20 12:18:38,206 - INFO - Successfully read file from disk: 18614997 bytes
2025-12-20 12:18:38,207 - INFO - Sending file to user
